# Nmap 7.94SVN scan initiated Sun May  4 21:38:19 2025 as: nmap -sS -p- -T4 -A -oN nmap.out 10.10.93.20
Nmap scan report for 10.10.93.20
Host is up (0.21s latency).
Not shown: 65500 closed tcp ports (reset)
PORT      STATE    SERVICE            VERSION
135/tcp   open     msrpc              Microsoft Windows RPC
139/tcp   open     netbios-ssn        Microsoft Windows netbios-ssn
445/tcp   open     microsoft-ds       Windows 7 Professional 7601 Service Pack 1 microsoft-ds (workgroup: WORKGROUP)
2439/tcp  filtered sybasedbsynch
2943/tcp  filtered ttnrepository
3334/tcp  filtered directv-web
3389/tcp  open     ssl/ms-wbt-server?
|_ssl-date: 2025-05-05T01:51:54+00:00; 0s from scanner time.
| ssl-cert: Subject: commonName=Dark-PC
| Not valid before: 2025-05-04T00:37:23
|_Not valid after:  2025-11-03T00:37:23
3818/tcp  filtered crinis-hb
5357/tcp  open     http               Microsoft HTTPAPI httpd 2.0 (SSDP/UPnP)
|_http-title: Service Unavailable
|_http-server-header: Microsoft-HTTPAPI/2.0
5515/tcp  filtered unknown
7708/tcp  filtered scinet
8000/tcp  open     http               Icecast streaming media server
|_http-title: Site doesn't have a title (text/html).
8153/tcp  filtered quantastor
10969/tcp filtered unknown
14699/tcp filtered unknown
14989/tcp filtered unknown
16269/tcp filtered unknown
18865/tcp filtered unknown
30422/tcp filtered unknown
34076/tcp filtered unknown
38161/tcp filtered unknown
43709/tcp filtered unknown
48493/tcp filtered unknown
49152/tcp open     msrpc              Microsoft Windows RPC
49153/tcp open     msrpc              Microsoft Windows RPC
49154/tcp open     msrpc              Microsoft Windows RPC
49158/tcp open     msrpc              Microsoft Windows RPC
49159/tcp open     msrpc              Microsoft Windows RPC
49160/tcp open     msrpc              Microsoft Windows RPC
52899/tcp filtered unknown
55689/tcp filtered unknown
57611/tcp filtered unknown
60060/tcp filtered unknown
61058/tcp filtered unknown
62509/tcp filtered unknown
No exact OS matches for host (If you know what OS is running on it, see https://nmap.org/submit/ ).
TCP/IP fingerprint:
OS:SCAN(V=7.94SVN%E=4%D=5/4%OT=135%CT=1%CU=35679%PV=Y%DS=4%DC=T%G=Y%TM=6818
OS:19BB%P=x86_64-pc-linux-gnu)SEQ(SP=100%GCD=1%ISR=10A%TI=I%CI=I%II=I%SS=S%
OS:TS=7)OPS(O1=M509NW8ST11%O2=M509NW8ST11%O3=M509NW8NNT11%O4=M509NW8ST11%O5
OS:=M509NW8ST11%O6=M509ST11)WIN(W1=2000%W2=2000%W3=2000%W4=2000%W5=2000%W6=
OS:2000)ECN(R=Y%DF=Y%T=80%W=2000%O=M509NW8NNS%CC=N%Q=)T1(R=Y%DF=Y%T=80%S=O%
OS:A=S+%F=AS%RD=0%Q=)T2(R=Y%DF=Y%T=80%W=0%S=Z%A=S%F=AR%O=%RD=0%Q=)T3(R=Y%DF
OS:=Y%T=80%W=0%S=Z%A=O%F=AR%O=%RD=0%Q=)T4(R=Y%DF=Y%T=80%W=0%S=A%A=O%F=R%O=%
OS:RD=0%Q=)T5(R=Y%DF=Y%T=80%W=0%S=Z%A=S+%F=AR%O=%RD=0%Q=)T6(R=Y%DF=Y%T=80%W
OS:=0%S=A%A=O%F=R%O=%RD=0%Q=)T7(R=Y%DF=Y%T=80%W=0%S=Z%A=S+%F=AR%O=%RD=0%Q=)
OS:U1(R=Y%DF=N%T=80%IPL=164%UN=0%RIPL=G%RID=G%RIPCK=G%RUCK=G%RUD=G)IE(R=Y%D
OS:FI=N%T=80%CD=Z)

Network Distance: 4 hops
Service Info: Host: DARK-PC; OS: Windows; CPE: cpe:/o:microsoft:windows

Host script results:
| smb2-time: 
|   date: 2025-05-05T01:51:48
|_  start_date: 2025-05-05T00:37:07
|_nbstat: NetBIOS name: DARK-PC, NetBIOS user: <unknown>, NetBIOS MAC: 02:f0:19:96:30:d3 (unknown)
| smb-security-mode: 
|   account_used: <blank>
|   authentication_level: user
|   challenge_response: supported
|_  message_signing: disabled (dangerous, but default)
| smb2-security-mode: 
|   2:1:0: 
|_    Message signing enabled but not required
| smb-os-discovery: 
|   OS: Windows 7 Professional 7601 Service Pack 1 (Windows 7 Professional 6.1)
|   OS CPE: cpe:/o:microsoft:windows_7::sp1:professional
|   Computer name: Dark-PC
|   NetBIOS computer name: DARK-PC\x00
|   Workgroup: WORKGROUP\x00
|_  System time: 2025-05-04T20:51:48-05:00
|_clock-skew: mean: 1h15m00s, deviation: 2h30m00s, median: 0s

TRACEROUTE (using port 587/tcp)
HOP RTT       ADDRESS
1   94.58 ms  10.13.0.1
2   ... 3
4   214.17 ms 10.10.93.20

OS and Service detection performed. Please report any incorrect results at https://nmap.org/submit/ .
# Nmap done at Sun May  4 21:51:55 2025 -- 1 IP address (1 host up) scanned in 816.15 seconds
